000 ==================================================================================
CHE000 index  1020  nt     1 sort  1 x  9.165558491563311e-01 x1 1.328122004609573e-314 
CONTROL______________________________________
CHE000 index  1020  nt     1 sort  1 x  9.165558491563311e-01 x1 1.328447819164117e-314 
050 ==================================================================================
CHE050 index  1020  nt     1 sort  1 x  9.165558491563311e-01 x1  9.165559996991348e-01 cell ( 80, 3, 3) thread ( 508,0,0 )
CONTROL______________________________________
CHE050 index  1020  nt     1 sort  1 x  9.165558491563311e-01 x1  9.165559996991348e-01 cell ( 80, 3, 3) thread ( 508,0,0 )
100 ==================================================================================
CHE100 index  1020  nt     1 sort  1 x  9.165558491563311e-01 x1  9.165559996991348e-01 
CONTROL______________________________________
CHE100 index  1020  nt     1 sort  1 x  9.165558491563311e-01 x1  9.165559996991348e-01 
150 ==================================================================================
CHE150 index  1020  nt     1 sort  1 x  9.165558491563311e-01 x1  9.165559996991348e-01 
CONTROL______________________________________
CHE150 index  1020  nt     1 sort  1 x  9.165558491563311e-01 x1  9.165559996991348e-01 
200 ==================================================================================
CHE200 index  1020  nt     1 sort  1 x  9.165558491563311e-01 x1  9.165559996991348e-01 
CONTROL______________________________________
CHE200 index  1020  nt     1 sort  1 x  9.165558491563311e-01 x1  9.165559996991348e-01 
20c ==================================================================================
CHE20c index  1020  nt     1 sort  1 x  9.165558491563311e-01 x1  9.165559996991348e-01 block ( 80,3,3 ) thread ( 2,3,3 ) 
CONTROL______________________________________
CHE20c index  1020  nt     1 sort  1 x  9.165558491563311e-01 x1  9.165559996991348e-01 block ( 80,3,3 ) thread ( 0,0,0 ) 
20b ==================================================================================
CHE20b index  1020  nt     1 sort  1 x  9.165558491563311e-01 x1  9.165559996991348e-01 block ( 80,3,3 ) thread ( 2,3,3 ) 
CONTROL______________________________________
CHE20b index  1020  nt     1 sort  1 x  9.165558491563311e-01 x1  9.165559996991348e-01 
20bb ==================================================================================
CHE20bb index  1020 nt     1 sort  1 x  9.165558491563311e-01 x1  9.165559996991348e-01 block ( 80,3,3 ) thread ( 2,3,3 ) 
CONTROL______________________________________
CHE20bb index  1020 nt     1 sort  1 x  9.165558491563311e-01 x1  9.165559996991348e-01 block ( 80,3,3 ) thread ( 0,0,0 ) 
20ba ==================================================================================
CHE20ba index  1020 nt     1 sort  1 x  9.165558491563311e-01 x1  9.165559996991348e-01 block ( 80,3,3 ) thread ( 2,3,3 ) 
CONTROL______________________________________
CHE20ba index  1020 nt     1 sort  1 x  9.165559996991348e-01 x1  9.165559996991348e-01 block ( 80,3,3 ) thread ( 0,0,0 ) 
20a ==================================================================================
CHE20a index  1020  nt     1 sort  1 x  9.165558491563311e-01 x1  9.165559996991348e-01 block ( 80,3,3 ) thread ( 2,3,3 ) cmp  0
CONTROL______________________________________
CHE20a index  1020  nt     1 sort  1 x  9.165559996991348e-01 x1  9.165559996991348e-01 block ( 80,3,3 ) thread ( 0,0,0 ) cmp  0
